<?xml version="1.0" encoding="UTF-8"?>
<testsuite name="app_tests.AppTest-20240306221149" tests="9" file="app_tests.py" time="0.140" timestamp="2024-03-06T22:11:52" failures="1" errors="0" skipped="0">
	<testcase classname="app_tests.AppTest" name="test_about" time="0.048" timestamp="2024-03-06T22:11:52"/>
	<testcase classname="app_tests.AppTest" name="test_create_group3" time="0.029" timestamp="2024-03-06T22:11:52"/>
	<testcase classname="app_tests.AppTest" name="test_create_group_get" time="0.008" timestamp="2024-03-06T22:11:52"/>
	<testcase classname="app_tests.AppTest" name="test_delete_group3" time="0.005" timestamp="2024-03-06T22:11:52"/>
	<testcase classname="app_tests.AppTest" name="test_edit_group_get" time="0.011" timestamp="2024-03-06T22:11:52"/>
	<testcase classname="app_tests.AppTest" name="test_get_group" time="0.003" timestamp="2024-03-06T22:11:52"/>
	<testcase classname="app_tests.AppTest" name="test_home" time="0.008" timestamp="2024-03-06T22:11:52"/>
	<testcase classname="app_tests.AppTest" name="test_view_group1" time="0.010" timestamp="2024-03-06T22:11:52"/>
	<testcase classname="app_tests.AppTest" name="test_edit_group3" time="0.018" timestamp="2024-03-06T22:11:52">
		<failure type="AssertionError" message=""><![CDATA[Traceback (most recent call last):
  File "C:\Program Files\WindowsApps\PythonSoftwareFoundation.Python.3.12_3.12.752.0_x64__qbz5n2kfra8p0\Lib\unittest\case.py", line 58, in testPartExecutor
    yield
  File "C:\Program Files\WindowsApps\PythonSoftwareFoundation.Python.3.12_3.12.752.0_x64__qbz5n2kfra8p0\Lib\unittest\case.py", line 634, in run
    self._callTestMethod(testMethod)
    ^^^^^^^^^^^^^^^^^
  File "C:\Program Files\WindowsApps\PythonSoftwareFoundation.Python.3.12_3.12.752.0_x64__qbz5n2kfra8p0\Lib\unittest\case.py", line 589, in _callTestMethod
    if method() is not None:
    ^^^^^^^^^^^^^^^^^
  File "c:\tmp\a1\groups\src\unittest\python\app_tests.py", line 56, in test_edit_group3
    assert response.status_code == 302
    ^^^^^^^^^^^^^^^^^
AssertionError
]]></failure>
	</testcase>
</testsuite>
